[INFO] Scanning for projects...
[INFO] 
[INFO] --------------< com.carboncredit:carbon-credit-platform >---------------
[INFO] Building carbon-credit-platform 0.0.1-SNAPSHOT
[INFO]   from pom.xml
[INFO] --------------------------------[ jar ]---------------------------------
[INFO] 
[INFO] >>> spring-boot:3.2.0:run (default-cli) > test-compile @ carbon-credit-platform >>>
[INFO] 
[INFO] --- resources:3.3.1:resources (default-resources) @ carbon-credit-platform ---
[INFO] Copying 1 resource from src/main/resources to target/classes
[INFO] Copying 0 resource from src/main/resources to target/classes
[INFO] 
[INFO] --- compiler:3.11.0:compile (default-compile) @ carbon-credit-platform ---
[INFO] Nothing to compile - all classes are up to date
[INFO] 
[INFO] --- resources:3.3.1:testResources (default-testResources) @ carbon-credit-platform ---
[INFO] skip non existing resourceDirectory /Users/harmit/Desktop/new_Template/BMP/carbon-credit-platform/server/src/test/resources
[INFO] 
[INFO] --- compiler:3.11.0:testCompile (default-testCompile) @ carbon-credit-platform ---
[INFO] Nothing to compile - all classes are up to date
[INFO] 
[INFO] <<< spring-boot:3.2.0:run (default-cli) < test-compile @ carbon-credit-platform <<<
[INFO] 
[INFO] 
[INFO] --- spring-boot:3.2.0:run (default-cli) @ carbon-credit-platform ---
[INFO] Attaching agents: []

  .   ____          _            __ _ _
 /\\ / ___'_ __ _ _(_)_ __  __ _ \ \ \ \
( ( )\___ | '_ | '_| | '_ \/ _` | \ \ \ \
 \\/  ___)| |_)| | | | | || (_| |  ) ) ) )
  '  |____| .__|_| |_|_| |_\__, | / / / /
 =========|_|==============|___/=/_/_/_/
 :: Spring Boot ::                (v3.2.0)

2025-11-23T01:09:34.713+05:30  INFO 1688 --- [carbon-credit-platform] [           main] c.c.CarbonCreditPlatformApplication      : Starting CarbonCreditPlatformApplication using Java 21.0.6 with PID 1688 (/Users/harmit/Desktop/new_Template/BMP/carbon-credit-platform/server/target/classes started by harmit in /Users/harmit/Desktop/new_Template/BMP/carbon-credit-platform/server)
2025-11-23T01:09:34.714+05:30 DEBUG 1688 --- [carbon-credit-platform] [           main] c.c.CarbonCreditPlatformApplication      : Running with Spring Boot v3.2.0, Spring v6.1.1
2025-11-23T01:09:34.714+05:30  INFO 1688 --- [carbon-credit-platform] [           main] c.c.CarbonCreditPlatformApplication      : No active profile set, falling back to 1 default profile: "default"
2025-11-23T01:09:34.994+05:30  INFO 1688 --- [carbon-credit-platform] [           main] .s.d.r.c.RepositoryConfigurationDelegate : Bootstrapping Spring Data MongoDB repositories in DEFAULT mode.
2025-11-23T01:09:35.033+05:30  INFO 1688 --- [carbon-credit-platform] [           main] .s.d.r.c.RepositoryConfigurationDelegate : Finished Spring Data repository scanning in 36 ms. Found 10 MongoDB repository interfaces.
2025-11-23T01:09:35.262+05:30  INFO 1688 --- [carbon-credit-platform] [           main] o.s.b.w.embedded.tomcat.TomcatWebServer  : Tomcat initialized with port 8080 (http)
2025-11-23T01:09:35.266+05:30  INFO 1688 --- [carbon-credit-platform] [           main] o.apache.catalina.core.StandardService   : Starting service [Tomcat]
2025-11-23T01:09:35.266+05:30  INFO 1688 --- [carbon-credit-platform] [           main] o.apache.catalina.core.StandardEngine    : Starting Servlet engine: [Apache Tomcat/10.1.16]
2025-11-23T01:09:35.290+05:30  INFO 1688 --- [carbon-credit-platform] [           main] o.a.c.c.C.[Tomcat].[localhost].[/]       : Initializing Spring embedded WebApplicationContext
2025-11-23T01:09:35.290+05:30  INFO 1688 --- [carbon-credit-platform] [           main] w.s.c.ServletWebServerApplicationContext : Root WebApplicationContext: initialization completed in 558 ms
2025-11-23T01:09:35.438+05:30  INFO 1688 --- [carbon-credit-platform] [           main] org.mongodb.driver.client                : MongoClient with metadata {"driver": {"name": "mongo-java-driver|sync|spring-boot", "version": "4.11.1"}, "os": {"type": "Darwin", "name": "Mac OS X", "architecture": "aarch64", "version": "26.0.1"}, "platform": "Java/Oracle Corporation/21.0.6+8-LTS-188"} created with settings MongoClientSettings{readPreference=primary, writeConcern=WriteConcern{w=majority, wTimeout=null ms, journal=null}, retryWrites=true, retryReads=true, readConcern=ReadConcern{level=null}, credential=MongoCredential{mechanism=null, userName='harmit485', source='admin', password=<hidden>, mechanismProperties=<hidden>}, transportSettings=null, streamFactoryFactory=null, commandListeners=[], codecRegistry=ProvidersCodecRegistry{codecProviders=[ValueCodecProvider{}, BsonValueCodecProvider{}, DBRefCodecProvider{}, DBObjectCodecProvider{}, DocumentCodecProvider{}, CollectionCodecProvider{}, IterableCodecProvider{}, MapCodecProvider{}, GeoJsonCodecProvider{}, GridFSFileCodecProvider{}, Jsr310CodecProvider{}, JsonObjectCodecProvider{}, BsonCodecProvider{}, EnumCodecProvider{}, com.mongodb.client.model.mql.ExpressionCodecProvider@79696332, com.mongodb.Jep395RecordCodecProvider@ed2f2f6, com.mongodb.KotlinCodecProvider@fe87ddd]}, loggerSettings=LoggerSettings{maxDocumentLength=1000}, clusterSettings={hosts=[127.0.0.1:27017], srvHost=cluster0.quhjx.mongodb.net, srvServiceName=mongodb, mode=MULTIPLE, requiredClusterType=REPLICA_SET, requiredReplicaSetName='atlas-srhv2d-shard-0', serverSelector='null', clusterListeners='[]', serverSelectionTimeout='30000 ms', localThreshold='15 ms'}, socketSettings=SocketSettings{connectTimeoutMS=10000, readTimeoutMS=0, receiveBufferSize=0, proxySettings=ProxySettings{host=null, port=null, username=null, password=null}}, heartbeatSocketSettings=SocketSettings{connectTimeoutMS=10000, readTimeoutMS=10000, receiveBufferSize=0, proxySettings=ProxySettings{host=null, port=null, username=null, password=null}}, connectionPoolSettings=ConnectionPoolSettings{maxSize=100, minSize=0, maxWaitTimeMS=120000, maxConnectionLifeTimeMS=0, maxConnectionIdleTimeMS=0, maintenanceInitialDelayMS=0, maintenanceFrequencyMS=60000, connectionPoolListeners=[], maxConnecting=2}, serverSettings=ServerSettings{heartbeatFrequencyMS=10000, minHeartbeatFrequencyMS=500, serverListeners='[]', serverMonitorListeners='[]'}, sslSettings=SslSettings{enabled=true, invalidHostNameAllowed=false, context=null}, applicationName='null', compressorList=[], uuidRepresentation=JAVA_LEGACY, serverApi=null, autoEncryptionSettings=null, dnsClient=null, inetAddressResolver=null, contextProvider=null}
2025-11-23T01:09:35.566+05:30  INFO 1688 --- [carbon-credit-platform] [hjx.mongodb.net] org.mongodb.driver.cluster               : Adding discovered server cluster0-shard-00-02.quhjx.mongodb.net:27017 to client view of cluster
2025-11-23T01:09:35.578+05:30  INFO 1688 --- [carbon-credit-platform] [hjx.mongodb.net] org.mongodb.driver.cluster               : Adding discovered server cluster0-shard-00-00.quhjx.mongodb.net:27017 to client view of cluster
2025-11-23T01:09:35.580+05:30  INFO 1688 --- [carbon-credit-platform] [hjx.mongodb.net] org.mongodb.driver.cluster               : Adding discovered server cluster0-shard-00-01.quhjx.mongodb.net:27017 to client view of cluster
2025-11-23T01:09:35.633+05:30  INFO 1688 --- [carbon-credit-platform] [           main] org.mongodb.driver.cluster               : No server chosen by WritableServerSelector from cluster description ClusterDescription{type=REPLICA_SET, connectionMode=MULTIPLE, serverDescriptions=[ServerDescription{address=cluster0-shard-00-02.quhjx.mongodb.net:27017, type=UNKNOWN, state=CONNECTING}, ServerDescription{address=cluster0-shard-00-00.quhjx.mongodb.net:27017, type=UNKNOWN, state=CONNECTING}, ServerDescription{address=cluster0-shard-00-01.quhjx.mongodb.net:27017, type=UNKNOWN, state=CONNECTING}]}. Waiting for 30000 ms before timing out
2025-11-23T01:09:36.021+05:30  INFO 1688 --- [carbon-credit-platform] [ngodb.net:27017] org.mongodb.driver.cluster               : Monitor thread successfully connected to server with description ServerDescription{address=cluster0-shard-00-02.quhjx.mongodb.net:27017, type=REPLICA_SET_PRIMARY, state=CONNECTED, ok=true, minWireVersion=0, maxWireVersion=25, maxDocumentSize=16777216, logicalSessionTimeoutMinutes=30, roundTripTimeNanos=155024042, setName='atlas-srhv2d-shard-0', canonicalAddress=cluster0-shard-00-02.quhjx.mongodb.net:27017, hosts=[cluster0-shard-00-00.quhjx.mongodb.net:27017, cluster0-shard-00-01.quhjx.mongodb.net:27017, cluster0-shard-00-02.quhjx.mongodb.net:27017], passives=[], arbiters=[], primary='cluster0-shard-00-02.quhjx.mongodb.net:27017', tagSet=TagSet{[Tag{name='availabilityZone', value='aps1-az2'}, Tag{name='diskState', value='READY'}, Tag{name='nodeType', value='ELECTABLE'}, Tag{name='provider', value='AWS'}, Tag{name='region', value='AP_SOUTH_1'}, Tag{name='workloadType', value='OPERATIONAL'}]}, electionId=7fffffff0000000000000152, setVersion=377, topologyVersion=TopologyVersion{processId=6920939d679b443cc30d38b2, counter=6}, lastWriteDate=Sun Nov 23 01:09:35 IST 2025, lastUpdateTimeNanos=332334822898666}
2025-11-23T01:09:36.021+05:30  INFO 1688 --- [carbon-credit-platform] [ngodb.net:27017] org.mongodb.driver.cluster               : Monitor thread successfully connected to server with description ServerDescription{address=cluster0-shard-00-00.quhjx.mongodb.net:27017, type=REPLICA_SET_SECONDARY, state=CONNECTED, ok=true, minWireVersion=0, maxWireVersion=25, maxDocumentSize=16777216, logicalSessionTimeoutMinutes=30, roundTripTimeNanos=208067625, setName='atlas-srhv2d-shard-0', canonicalAddress=cluster0-shard-00-00.quhjx.mongodb.net:27017, hosts=[cluster0-shard-00-00.quhjx.mongodb.net:27017, cluster0-shard-00-01.quhjx.mongodb.net:27017, cluster0-shard-00-02.quhjx.mongodb.net:27017], passives=[], arbiters=[], primary='cluster0-shard-00-02.quhjx.mongodb.net:27017', tagSet=TagSet{[Tag{name='availabilityZone', value='aps1-az1'}, Tag{name='diskState', value='READY'}, Tag{name='nodeType', value='ELECTABLE'}, Tag{name='provider', value='AWS'}, Tag{name='region', value='AP_SOUTH_1'}, Tag{name='workloadType', value='OPERATIONAL'}]}, electionId=null, setVersion=377, topologyVersion=TopologyVersion{processId=692090e1c17b96aabaa22a92, counter=4}, lastWriteDate=Sun Nov 23 01:09:35 IST 2025, lastUpdateTimeNanos=332334822588833}
2025-11-23T01:09:36.023+05:30  INFO 1688 --- [carbon-credit-platform] [ngodb.net:27017] org.mongodb.driver.cluster               : Discovered replica set primary cluster0-shard-00-02.quhjx.mongodb.net:27017 with max election id 7fffffff0000000000000152 and max set version 377
2025-11-23T01:09:36.024+05:30  INFO 1688 --- [carbon-credit-platform] [ngodb.net:27017] org.mongodb.driver.cluster               : Monitor thread successfully connected to server with description ServerDescription{address=cluster0-shard-00-01.quhjx.mongodb.net:27017, type=REPLICA_SET_SECONDARY, state=CONNECTED, ok=true, minWireVersion=0, maxWireVersion=25, maxDocumentSize=16777216, logicalSessionTimeoutMinutes=30, roundTripTimeNanos=175712083, setName='atlas-srhv2d-shard-0', canonicalAddress=cluster0-shard-00-01.quhjx.mongodb.net:27017, hosts=[cluster0-shard-00-00.quhjx.mongodb.net:27017, cluster0-shard-00-01.quhjx.mongodb.net:27017, cluster0-shard-00-02.quhjx.mongodb.net:27017], passives=[], arbiters=[], primary='cluster0-shard-00-02.quhjx.mongodb.net:27017', tagSet=TagSet{[Tag{name='availabilityZone', value='aps1-az3'}, Tag{name='diskState', value='READY'}, Tag{name='nodeType', value='ELECTABLE'}, Tag{name='provider', value='AWS'}, Tag{name='region', value='AP_SOUTH_1'}, Tag{name='workloadType', value='OPERATIONAL'}]}, electionId=null, setVersion=377, topologyVersion=TopologyVersion{processId=69209695cb95dcf3bf98af84, counter=3}, lastWriteDate=Sun Nov 23 01:09:35 IST 2025, lastUpdateTimeNanos=332334826247875}
2025-11-23T01:09:36.691+05:30 DEBUG 1688 --- [carbon-credit-platform] [           main] c.carboncredit.security.AuthTokenFilter  : Filter 'authenticationJwtTokenFilter' configured for use
2025-11-23T01:09:37.048+05:30  INFO 1688 --- [carbon-credit-platform] [           main] o.s.s.web.DefaultSecurityFilterChain     : Will secure any request with [org.springframework.security.web.session.DisableEncodeUrlFilter@1377b1a0, org.springframework.security.web.context.request.async.WebAsyncManagerIntegrationFilter@48cf8414, org.springframework.security.web.context.SecurityContextHolderFilter@44bbb7c6, org.springframework.security.web.header.HeaderWriterFilter@69e2fe3b, org.springframework.web.filter.CorsFilter@27dbaa33, org.springframework.security.web.authentication.logout.LogoutFilter@1a536164, com.carboncredit.security.AuthTokenFilter@3f6cce7f, org.springframework.security.web.savedrequest.RequestCacheAwareFilter@3303e89e, org.springframework.security.web.servletapi.SecurityContextHolderAwareRequestFilter@cec590c, org.springframework.security.web.authentication.AnonymousAuthenticationFilter@15d65fcf, org.springframework.security.web.session.SessionManagementFilter@2a19a0fe, org.springframework.security.web.access.ExceptionTranslationFilter@598657cd, org.springframework.security.web.access.intercept.AuthorizationFilter@4243341e]
2025-11-23T01:09:37.150+05:30  INFO 1688 --- [carbon-credit-platform] [           main] o.s.b.w.embedded.tomcat.TomcatWebServer  : Tomcat started on port 8080 (http) with context path ''
2025-11-23T01:09:37.154+05:30  INFO 1688 --- [carbon-credit-platform] [           main] c.c.CarbonCreditPlatformApplication      : Started CarbonCreditPlatformApplication in 2.595 seconds (process running for 2.737)
Running scheduled order matching batch...
2025-11-23T01:09:37.158+05:30 DEBUG 1688 --- [carbon-credit-platform] [           main] o.s.data.mongodb.core.MongoTemplate      : Executing count: {} in collection: users
2025-11-23T01:09:37.161+05:30 DEBUG 1688 --- [carbon-credit-platform] [   scheduling-1] o.s.data.mongodb.core.MongoTemplate      : find using query: { "type" : "BUY", "status" : "OPEN"} fields: Document{{}} for class: class com.carboncredit.model.Order in collection: orders
2025-11-23T01:09:37.560+05:30 DEBUG 1688 --- [carbon-credit-platform] [   scheduling-1] o.s.data.mongodb.core.MongoTemplate      : find using query: { "status" : "ACTIVE"} fields: Document{{}} for class: class com.carboncredit.model.Listing in collection: listings
2025-11-23T01:09:37.630+05:30 ERROR 1688 --- [carbon-credit-platform] [   scheduling-1] o.s.s.s.TaskUtils$LoggingErrorHandler    : Unexpected error occurred in scheduled task

java.lang.NullPointerException: Cannot invoke "String.equals(Object)" because the return value of "com.carboncredit.model.Order.getUserId()" is null
	at com.carboncredit.service.OrderMatchingService.matchOrders(OrderMatchingService.java:70) ~[classes/:na]
	at java.base/jdk.internal.reflect.DirectMethodHandleAccessor.invoke(DirectMethodHandleAccessor.java:103) ~[na:na]
	at java.base/java.lang.reflect.Method.invoke(Method.java:580) ~[na:na]
	at org.springframework.scheduling.support.ScheduledMethodRunnable.runInternal(ScheduledMethodRunnable.java:130) ~[spring-context-6.1.1.jar:6.1.1]
	at org.springframework.scheduling.support.ScheduledMethodRunnable.lambda$run$2(ScheduledMethodRunnable.java:124) ~[spring-context-6.1.1.jar:6.1.1]
	at io.micrometer.observation.Observation.observe(Observation.java:499) ~[micrometer-observation-1.12.0.jar:1.12.0]
	at org.springframework.scheduling.support.ScheduledMethodRunnable.run(ScheduledMethodRunnable.java:124) ~[spring-context-6.1.1.jar:6.1.1]
	at org.springframework.scheduling.support.DelegatingErrorHandlingRunnable.run(DelegatingErrorHandlingRunnable.java:54) ~[spring-context-6.1.1.jar:6.1.1]
	at java.base/java.util.concurrent.Executors$RunnableAdapter.call(Executors.java:572) ~[na:na]
	at java.base/java.util.concurrent.FutureTask.runAndReset(FutureTask.java:358) ~[na:na]
	at java.base/java.util.concurrent.ScheduledThreadPoolExecutor$ScheduledFutureTask.run(ScheduledThreadPoolExecutor.java:305) ~[na:na]
	at java.base/java.util.concurrent.ThreadPoolExecutor.runWorker(ThreadPoolExecutor.java:1144) ~[na:na]
	at java.base/java.util.concurrent.ThreadPoolExecutor$Worker.run(ThreadPoolExecutor.java:642) ~[na:na]
	at java.base/java.lang.Thread.run(Thread.java:1583) ~[na:na]

2025-11-23T01:09:40.050+05:30  INFO 1688 --- [carbon-credit-platform] [nio-8080-exec-2] o.a.c.c.C.[Tomcat].[localhost].[/]       : Initializing Spring DispatcherServlet 'dispatcherServlet'
2025-11-23T01:09:40.051+05:30  INFO 1688 --- [carbon-credit-platform] [nio-8080-exec-2] o.s.web.servlet.DispatcherServlet        : Initializing Servlet 'dispatcherServlet'
2025-11-23T01:09:40.051+05:30  INFO 1688 --- [carbon-credit-platform] [nio-8080-exec-2] o.s.web.servlet.DispatcherServlet        : Completed initialization in 0 ms
2025-11-23T01:09:40.093+05:30 DEBUG 1688 --- [carbon-credit-platform] [nio-8080-exec-6] o.s.data.mongodb.core.MongoTemplate      : find using query: { "email" : "new1@gmail.com"} fields: Document{{}} for class: class com.carboncredit.model.User in collection: users
2025-11-23T01:09:40.093+05:30 DEBUG 1688 --- [carbon-credit-platform] [nio-8080-exec-5] o.s.data.mongodb.core.MongoTemplate      : find using query: { "email" : "new1@gmail.com"} fields: Document{{}} for class: class com.carboncredit.model.User in collection: users
2025-11-23T01:09:40.162+05:30  WARN 1688 --- [carbon-credit-platform] [nio-8080-exec-5] o.s.w.s.h.HandlerMappingIntrospector     : Cache miss for REQUEST dispatch to '/api/marketplace/orders' (previous null). Performing MatchableHandlerMapping lookup. This is logged once only at WARN level, and every time at TRACE.
2025-11-23T01:09:40.171+05:30 DEBUG 1688 --- [carbon-credit-platform] [nio-8080-exec-5] o.s.data.mongodb.core.MongoTemplate      : find using query: {} fields: Document{{}} for class: class com.carboncredit.model.Order in collection: orders
2025-11-23T01:09:40.184+05:30 DEBUG 1688 --- [carbon-credit-platform] [nio-8080-exec-6] o.s.data.mongodb.core.MongoTemplate      : Executing count: {} in collection: projects
2025-11-23T01:09:40.249+05:30 DEBUG 1688 --- [carbon-credit-platform] [nio-8080-exec-6] o.s.data.mongodb.core.MongoTemplate      : Executing count: {} in collection: carbon_credits
2025-11-23T01:09:40.273+05:30 DEBUG 1688 --- [carbon-credit-platform] [nio-8080-exec-7] o.s.data.mongodb.core.MongoTemplate      : find using query: { "email" : "new1@gmail.com"} fields: Document{{}} for class: class com.carboncredit.model.User in collection: users
2025-11-23T01:09:40.307+05:30 DEBUG 1688 --- [carbon-credit-platform] [nio-8080-exec-6] o.s.data.mongodb.core.MongoTemplate      : Executing count: {} in collection: users
2025-11-23T01:09:40.343+05:30 DEBUG 1688 --- [carbon-credit-platform] [nio-8080-exec-7] o.s.data.mongodb.core.MongoTemplate      : find using query: {} fields: Document{{}} for class: class com.carboncredit.model.Order in collection: orders
2025-11-23T01:09:40.362+05:30 DEBUG 1688 --- [carbon-credit-platform] [nio-8080-exec-6] o.s.data.mongodb.core.MongoTemplate      : Executing count: {} in collection: trades
2025-11-23T01:09:40.421+05:30 DEBUG 1688 --- [carbon-credit-platform] [nio-8080-exec-6] o.s.data.mongodb.core.MongoTemplate      : Executing count: {} in collection: retirements
2025-11-23T01:09:40.476+05:30 DEBUG 1688 --- [carbon-credit-platform] [nio-8080-exec-6] o.s.data.mongodb.core.MongoTemplate      : Executing count: { "status" : "ISSUED"} in collection: carbon_credits
2025-11-23T01:09:40.523+05:30 DEBUG 1688 --- [carbon-credit-platform] [nio-8080-exec-6] o.s.data.mongodb.core.MongoTemplate      : Executing count: { "status" : "VERIFIED"} in collection: carbon_credits
2025-11-23T01:09:40.584+05:30 DEBUG 1688 --- [carbon-credit-platform] [nio-8080-exec-6] o.s.data.mongodb.core.MongoTemplate      : Executing count: { "status" : "LISTED"} in collection: carbon_credits
2025-11-23T01:09:40.633+05:30 DEBUG 1688 --- [carbon-credit-platform] [nio-8080-exec-6] o.s.data.mongodb.core.MongoTemplate      : Executing count: { "status" : "TRANSFERRED"} in collection: carbon_credits
2025-11-23T01:09:40.691+05:30 DEBUG 1688 --- [carbon-credit-platform] [nio-8080-exec-6] o.s.data.mongodb.core.MongoTemplate      : Executing count: { "status" : "RETIRED"} in collection: carbon_credits
2025-11-23T01:09:40.744+05:30 DEBUG 1688 --- [carbon-credit-platform] [nio-8080-exec-6] o.s.data.mongodb.core.MongoTemplate      : find using query: {} fields: Document{{}} for class: class com.carboncredit.model.Trade in collection: trades
2025-11-23T01:09:40.807+05:30 DEBUG 1688 --- [carbon-credit-platform] [nio-8080-exec-6] o.s.data.mongodb.core.MongoTemplate      : find using query: {} fields: Document{{}} for class: class com.carboncredit.model.Project in collection: projects
2025-11-23T01:09:40.872+05:30 DEBUG 1688 --- [carbon-credit-platform] [nio-8080-exec-6] o.s.data.mongodb.core.MongoTemplate      : find using query: { "projectId" : "691cb3614e230b5ad94935f5"} fields: Document{{}} for class: class com.carboncredit.model.CarbonCredit in collection: carbon_credits
2025-11-23T01:09:40.925+05:30 DEBUG 1688 --- [carbon-credit-platform] [nio-8080-exec-6] o.s.data.mongodb.core.MongoTemplate      : find using query: { "projectId" : "691cb3964e230b5ad94935f6"} fields: Document{{}} for class: class com.carboncredit.model.CarbonCredit in collection: carbon_credits
2025-11-23T01:09:40.983+05:30 DEBUG 1688 --- [carbon-credit-platform] [nio-8080-exec-6] o.s.data.mongodb.core.MongoTemplate      : find using query: { "projectId" : "691cb4b54e230b5ad94935f9"} fields: Document{{}} for class: class com.carboncredit.model.CarbonCredit in collection: carbon_credits
2025-11-23T01:09:41.073+05:30 DEBUG 1688 --- [carbon-credit-platform] [nio-8080-exec-6] o.s.data.mongodb.core.MongoTemplate      : find using query: { "projectId" : "6920bb71596e0448657daa6d"} fields: Document{{}} for class: class com.carboncredit.model.CarbonCredit in collection: carbon_credits
2025-11-23T01:09:41.165+05:30 DEBUG 1688 --- [carbon-credit-platform] [nio-8080-exec-6] o.s.data.mongodb.core.MongoTemplate      : find using query: { "projectId" : "692204017472ca5e5aa74027"} fields: Document{{}} for class: class com.carboncredit.model.CarbonCredit in collection: carbon_credits
2025-11-23T01:09:41.247+05:30 DEBUG 1688 --- [carbon-credit-platform] [nio-8080-exec-8] o.s.data.mongodb.core.MongoTemplate      : find using query: { "email" : "new1@gmail.com"} fields: Document{{}} for class: class com.carboncredit.model.User in collection: users
2025-11-23T01:09:41.250+05:30 DEBUG 1688 --- [carbon-credit-platform] [io-8080-exec-10] o.s.data.mongodb.core.MongoTemplate      : find using query: { "email" : "new1@gmail.com"} fields: Document{{}} for class: class com.carboncredit.model.User in collection: users
2025-11-23T01:09:41.315+05:30 DEBUG 1688 --- [carbon-credit-platform] [nio-8080-exec-8] o.s.data.mongodb.core.MongoTemplate      : Executing count: {} in collection: projects
2025-11-23T01:09:41.332+05:30 DEBUG 1688 --- [carbon-credit-platform] [io-8080-exec-10] o.s.data.mongodb.core.MongoTemplate      : find using query: { "userId" : "6922103d258eda3ac11ee841"} fields: Document{{}} for class: class com.carboncredit.model.Wallet in collection: wallets
2025-11-23T01:09:41.364+05:30 DEBUG 1688 --- [carbon-credit-platform] [nio-8080-exec-8] o.s.data.mongodb.core.MongoTemplate      : Executing count: {} in collection: carbon_credits
2025-11-23T01:09:41.439+05:30 DEBUG 1688 --- [carbon-credit-platform] [io-8080-exec-10] o.s.data.mongodb.core.MongoTemplate      : find using query: { "issuerId" : "6922103d258eda3ac11ee841"} fields: Document{{}} for class: class com.carboncredit.model.Project in collection: projects
2025-11-23T01:09:41.448+05:30 DEBUG 1688 --- [carbon-credit-platform] [nio-8080-exec-8] o.s.data.mongodb.core.MongoTemplate      : Executing count: {} in collection: users
2025-11-23T01:09:41.506+05:30 DEBUG 1688 --- [carbon-credit-platform] [io-8080-exec-10] o.s.data.mongodb.core.MongoTemplate      : find using query: { "ownerId" : "6922103d258eda3ac11ee841"} fields: Document{{}} for class: class com.carboncredit.model.CarbonCredit in collection: carbon_credits
2025-11-23T01:09:41.520+05:30 DEBUG 1688 --- [carbon-credit-platform] [nio-8080-exec-8] o.s.data.mongodb.core.MongoTemplate      : Executing count: {} in collection: trades
2025-11-23T01:09:41.580+05:30 DEBUG 1688 --- [carbon-credit-platform] [io-8080-exec-10] o.s.data.mongodb.core.MongoTemplate      : find using query: { "buyerId" : "6922103d258eda3ac11ee841"} fields: Document{{}} for class: class com.carboncredit.model.Trade in collection: trades
2025-11-23T01:09:41.585+05:30 DEBUG 1688 --- [carbon-credit-platform] [nio-8080-exec-8] o.s.data.mongodb.core.MongoTemplate      : Executing count: {} in collection: retirements
2025-11-23T01:09:41.667+05:30 DEBUG 1688 --- [carbon-credit-platform] [nio-8080-exec-8] o.s.data.mongodb.core.MongoTemplate      : Executing count: { "status" : "ISSUED"} in collection: carbon_credits
2025-11-23T01:09:41.668+05:30 DEBUG 1688 --- [carbon-credit-platform] [io-8080-exec-10] o.s.data.mongodb.core.MongoTemplate      : find using query: { "sellerId" : "6922103d258eda3ac11ee841"} fields: Document{{}} for class: class com.carboncredit.model.Trade in collection: trades
2025-11-23T01:09:41.731+05:30 DEBUG 1688 --- [carbon-credit-platform] [nio-8080-exec-8] o.s.data.mongodb.core.MongoTemplate      : Executing count: { "status" : "VERIFIED"} in collection: carbon_credits
2025-11-23T01:09:41.731+05:30 DEBUG 1688 --- [carbon-credit-platform] [io-8080-exec-10] o.s.data.mongodb.core.MongoTemplate      : find using query: { "userId" : "6922103d258eda3ac11ee841"} fields: Document{{}} for class: class com.carboncredit.model.Retirement in collection: retirements
2025-11-23T01:09:41.790+05:30 DEBUG 1688 --- [carbon-credit-platform] [nio-8080-exec-8] o.s.data.mongodb.core.MongoTemplate      : Executing count: { "status" : "LISTED"} in collection: carbon_credits
2025-11-23T01:09:41.790+05:30 DEBUG 1688 --- [carbon-credit-platform] [io-8080-exec-10] o.s.data.mongodb.core.MongoTemplate      : find using query: { "userId" : "6922103d258eda3ac11ee841"} fields: Document{{}} for class: class com.carboncredit.model.Order in collection: orders
2025-11-23T01:09:41.855+05:30 DEBUG 1688 --- [carbon-credit-platform] [nio-8080-exec-8] o.s.data.mongodb.core.MongoTemplate      : Executing count: { "status" : "TRANSFERRED"} in collection: carbon_credits
2025-11-23T01:09:41.869+05:30 DEBUG 1688 --- [carbon-credit-platform] [nio-8080-exec-1] o.s.data.mongodb.core.MongoTemplate      : find using query: { "email" : "new1@gmail.com"} fields: Document{{}} for class: class com.carboncredit.model.User in collection: users
2025-11-23T01:09:41.910+05:30 DEBUG 1688 --- [carbon-credit-platform] [nio-8080-exec-8] o.s.data.mongodb.core.MongoTemplate      : Executing count: { "status" : "RETIRED"} in collection: carbon_credits
2025-11-23T01:09:41.942+05:30 DEBUG 1688 --- [carbon-credit-platform] [nio-8080-exec-1] o.s.data.mongodb.core.MongoTemplate      : find using query: {} fields: Document{{}} for class: class com.carboncredit.model.Trade in collection: trades
2025-11-23T01:09:41.962+05:30 DEBUG 1688 --- [carbon-credit-platform] [nio-8080-exec-8] o.s.data.mongodb.core.MongoTemplate      : find using query: {} fields: Document{{}} for class: class com.carboncredit.model.Trade in collection: trades
2025-11-23T01:09:42.008+05:30 DEBUG 1688 --- [carbon-credit-platform] [nio-8080-exec-1] o.s.data.mongodb.core.MongoTemplate      : find using query: { "type" : "BUY", "status" : "OPEN"} fields: Document{{}} for class: class com.carboncredit.model.Order in collection: orders
2025-11-23T01:09:42.011+05:30 DEBUG 1688 --- [carbon-credit-platform] [nio-8080-exec-8] o.s.data.mongodb.core.MongoTemplate      : find using query: {} fields: Document{{}} for class: class com.carboncredit.model.Project in collection: projects
2025-11-23T01:09:42.064+05:30 DEBUG 1688 --- [carbon-credit-platform] [nio-8080-exec-1] o.s.data.mongodb.core.MongoTemplate      : find using query: { "type" : "SELL", "status" : "OPEN"} fields: Document{{}} for class: class com.carboncredit.model.Order in collection: orders
2025-11-23T01:09:42.066+05:30 DEBUG 1688 --- [carbon-credit-platform] [nio-8080-exec-8] o.s.data.mongodb.core.MongoTemplate      : find using query: { "projectId" : "691cb3614e230b5ad94935f5"} fields: Document{{}} for class: class com.carboncredit.model.CarbonCredit in collection: carbon_credits
2025-11-23T01:09:42.113+05:30 DEBUG 1688 --- [carbon-credit-platform] [nio-8080-exec-8] o.s.data.mongodb.core.MongoTemplate      : find using query: { "projectId" : "691cb3964e230b5ad94935f6"} fields: Document{{}} for class: class com.carboncredit.model.CarbonCredit in collection: carbon_credits
2025-11-23T01:09:42.123+05:30 DEBUG 1688 --- [carbon-credit-platform] [nio-8080-exec-2] o.s.data.mongodb.core.MongoTemplate      : find using query: { "email" : "new1@gmail.com"} fields: Document{{}} for class: class com.carboncredit.model.User in collection: users
2025-11-23T01:09:42.173+05:30 DEBUG 1688 --- [carbon-credit-platform] [nio-8080-exec-8] o.s.data.mongodb.core.MongoTemplate      : find using query: { "projectId" : "691cb4b54e230b5ad94935f9"} fields: Document{{}} for class: class com.carboncredit.model.CarbonCredit in collection: carbon_credits
2025-11-23T01:09:42.199+05:30 DEBUG 1688 --- [carbon-credit-platform] [nio-8080-exec-2] o.s.data.mongodb.core.MongoTemplate      : find using query: { "userId" : "6922103d258eda3ac11ee841"} fields: Document{{}} for class: class com.carboncredit.model.Wallet in collection: wallets
2025-11-23T01:09:42.233+05:30 DEBUG 1688 --- [carbon-credit-platform] [nio-8080-exec-8] o.s.data.mongodb.core.MongoTemplate      : find using query: { "projectId" : "6920bb71596e0448657daa6d"} fields: Document{{}} for class: class com.carboncredit.model.CarbonCredit in collection: carbon_credits
2025-11-23T01:09:42.263+05:30 DEBUG 1688 --- [carbon-credit-platform] [nio-8080-exec-7] o.s.data.mongodb.core.MongoTemplate      : find using query: { "email" : "new1@gmail.com"} fields: Document{{}} for class: class com.carboncredit.model.User in collection: users
2025-11-23T01:09:42.293+05:30 DEBUG 1688 --- [carbon-credit-platform] [nio-8080-exec-8] o.s.data.mongodb.core.MongoTemplate      : find using query: { "projectId" : "692204017472ca5e5aa74027"} fields: Document{{}} for class: class com.carboncredit.model.CarbonCredit in collection: carbon_credits
2025-11-23T01:09:42.328+05:30 DEBUG 1688 --- [carbon-credit-platform] [nio-8080-exec-7] o.s.data.mongodb.core.MongoTemplate      : find using query: { "ownerId" : "6922103d258eda3ac11ee841"} fields: Document{{}} for class: class com.carboncredit.model.CarbonCredit in collection: carbon_credits
2025-11-23T01:09:42.347+05:30 DEBUG 1688 --- [carbon-credit-platform] [io-8080-exec-10] o.s.data.mongodb.core.MongoTemplate      : find using query: { "email" : "new1@gmail.com"} fields: Document{{}} for class: class com.carboncredit.model.User in collection: users
2025-11-23T01:09:42.422+05:30 DEBUG 1688 --- [carbon-credit-platform] [io-8080-exec-10] o.s.data.mongodb.core.MongoTemplate      : find using query: { "userId" : "6922103d258eda3ac11ee841"} fields: Document{{}} for class: class com.carboncredit.model.Wallet in collection: wallets
2025-11-23T01:09:42.500+05:30 DEBUG 1688 --- [carbon-credit-platform] [io-8080-exec-10] o.s.data.mongodb.core.MongoTemplate      : find using query: { "issuerId" : "6922103d258eda3ac11ee841"} fields: Document{{}} for class: class com.carboncredit.model.Project in collection: projects
2025-11-23T01:09:42.587+05:30 DEBUG 1688 --- [carbon-credit-platform] [io-8080-exec-10] o.s.data.mongodb.core.MongoTemplate      : find using query: { "ownerId" : "6922103d258eda3ac11ee841"} fields: Document{{}} for class: class com.carboncredit.model.CarbonCredit in collection: carbon_credits
2025-11-23T01:09:42.673+05:30 DEBUG 1688 --- [carbon-credit-platform] [io-8080-exec-10] o.s.data.mongodb.core.MongoTemplate      : find using query: { "buyerId" : "6922103d258eda3ac11ee841"} fields: Document{{}} for class: class com.carboncredit.model.Trade in collection: trades
2025-11-23T01:09:42.736+05:30 DEBUG 1688 --- [carbon-credit-platform] [io-8080-exec-10] o.s.data.mongodb.core.MongoTemplate      : find using query: { "sellerId" : "6922103d258eda3ac11ee841"} fields: Document{{}} for class: class com.carboncredit.model.Trade in collection: trades
2025-11-23T01:09:42.818+05:30 DEBUG 1688 --- [carbon-credit-platform] [io-8080-exec-10] o.s.data.mongodb.core.MongoTemplate      : find using query: { "userId" : "6922103d258eda3ac11ee841"} fields: Document{{}} for class: class com.carboncredit.model.Retirement in collection: retirements
2025-11-23T01:09:42.900+05:30 DEBUG 1688 --- [carbon-credit-platform] [io-8080-exec-10] o.s.data.mongodb.core.MongoTemplate      : find using query: { "userId" : "6922103d258eda3ac11ee841"} fields: Document{{}} for class: class com.carboncredit.model.Order in collection: orders
2025-11-23T01:09:42.997+05:30 DEBUG 1688 --- [carbon-credit-platform] [nio-8080-exec-4] o.s.data.mongodb.core.MongoTemplate      : find using query: { "email" : "new1@gmail.com"} fields: Document{{}} for class: class com.carboncredit.model.User in collection: users
2025-11-23T01:09:43.066+05:30 DEBUG 1688 --- [carbon-credit-platform] [nio-8080-exec-4] o.s.data.mongodb.core.MongoTemplate      : find using query: {} fields: Document{{}} for class: class com.carboncredit.model.Trade in collection: trades
2025-11-23T01:09:43.140+05:30 DEBUG 1688 --- [carbon-credit-platform] [nio-8080-exec-4] o.s.data.mongodb.core.MongoTemplate      : find using query: { "type" : "BUY", "status" : "OPEN"} fields: Document{{}} for class: class com.carboncredit.model.Order in collection: orders
2025-11-23T01:09:43.195+05:30 DEBUG 1688 --- [carbon-credit-platform] [nio-8080-exec-4] o.s.data.mongodb.core.MongoTemplate      : find using query: { "type" : "SELL", "status" : "OPEN"} fields: Document{{}} for class: class com.carboncredit.model.Order in collection: orders
2025-11-23T01:09:43.261+05:30 DEBUG 1688 --- [carbon-credit-platform] [nio-8080-exec-1] o.s.data.mongodb.core.MongoTemplate      : find using query: { "email" : "new1@gmail.com"} fields: Document{{}} for class: class com.carboncredit.model.User in collection: users
2025-11-23T01:09:43.318+05:30 DEBUG 1688 --- [carbon-credit-platform] [nio-8080-exec-1] o.s.data.mongodb.core.MongoTemplate      : find using query: { "userId" : "6922103d258eda3ac11ee841"} fields: Document{{}} for class: class com.carboncredit.model.Wallet in collection: wallets
2025-11-23T01:09:43.381+05:30 DEBUG 1688 --- [carbon-credit-platform] [nio-8080-exec-3] o.s.data.mongodb.core.MongoTemplate      : find using query: { "email" : "new1@gmail.com"} fields: Document{{}} for class: class com.carboncredit.model.User in collection: users
2025-11-23T01:09:43.447+05:30 DEBUG 1688 --- [carbon-credit-platform] [nio-8080-exec-3] o.s.data.mongodb.core.MongoTemplate      : find using query: { "ownerId" : "6922103d258eda3ac11ee841"} fields: Document{{}} for class: class com.carboncredit.model.CarbonCredit in collection: carbon_credits
2025-11-23T01:09:43.833+05:30 DEBUG 1688 --- [carbon-credit-platform] [nio-8080-exec-6] o.s.data.mongodb.core.MongoTemplate      : find using query: { "email" : "new1@gmail.com"} fields: Document{{}} for class: class com.carboncredit.model.User in collection: users
2025-11-23T01:09:43.897+05:30 DEBUG 1688 --- [carbon-credit-platform] [nio-8080-exec-6] o.s.data.mongodb.core.MongoTemplate      : find using query: {} fields: Document{{}} for class: class com.carboncredit.model.Project in collection: projects
2025-11-23T01:09:43.970+05:30 DEBUG 1688 --- [carbon-credit-platform] [nio-8080-exec-9] o.s.data.mongodb.core.MongoTemplate      : find using query: { "email" : "new1@gmail.com"} fields: Document{{}} for class: class com.carboncredit.model.User in collection: users
2025-11-23T01:09:44.056+05:30 DEBUG 1688 --- [carbon-credit-platform] [nio-8080-exec-9] o.s.data.mongodb.core.MongoTemplate      : find using query: {} fields: Document{{}} for class: class com.carboncredit.model.Project in collection: projects
2025-11-23T01:10:02.804+05:30 DEBUG 1688 --- [carbon-credit-platform] [io-8080-exec-10] o.s.data.mongodb.core.MongoTemplate      : Executing count: { "email" : "newuser1763840402@test.com"} in collection: users
2025-11-23T01:10:02.950+05:30 DEBUG 1688 --- [carbon-credit-platform] [io-8080-exec-10] o.s.data.mongodb.core.MongoTemplate      : Inserting Document containing fields: [name, email, password, roles, organization, country, verified, _class] in collection: users
2025-11-23T01:10:03.035+05:30 DEBUG 1688 --- [carbon-credit-platform] [io-8080-exec-10] o.s.data.mongodb.core.MongoTemplate      : Inserting Document containing fields: [userId, balance, carbonCreditBalance, transactions, _class] in collection: wallets
2025-11-23T01:10:03.111+05:30  INFO 1688 --- [carbon-credit-platform] [nio-8080-exec-1] c.c.controller.AuthController            : Attempting to authenticate user: newuser1763840402@test.com
2025-11-23T01:10:03.203+05:30 DEBUG 1688 --- [carbon-credit-platform] [nio-8080-exec-1] o.s.data.mongodb.core.MongoTemplate      : find using query: { "email" : "newuser1763840402@test.com"} fields: Document{{}} for class: class com.carboncredit.model.User in collection: users
2025-11-23T01:10:03.358+05:30  INFO 1688 --- [carbon-credit-platform] [nio-8080-exec-1] c.c.controller.AuthController            : JWT token generated successfully for user: newuser1763840402@test.com
