[INFO] Scanning for projects...
[INFO] 
[INFO] --------------< com.carboncredit:carbon-credit-platform >---------------
[INFO] Building carbon-credit-platform 0.0.1-SNAPSHOT
[INFO]   from pom.xml
[INFO] --------------------------------[ jar ]---------------------------------
[INFO] 
[INFO] >>> spring-boot:3.2.0:run (default-cli) > test-compile @ carbon-credit-platform >>>
[INFO] 
[INFO] --- resources:3.3.1:resources (default-resources) @ carbon-credit-platform ---
[INFO] Copying 1 resource from src/main/resources to target/classes
[INFO] Copying 0 resource from src/main/resources to target/classes
[INFO] 
[INFO] --- compiler:3.11.0:compile (default-compile) @ carbon-credit-platform ---
[INFO] Nothing to compile - all classes are up to date
[INFO] 
[INFO] --- resources:3.3.1:testResources (default-testResources) @ carbon-credit-platform ---
[INFO] skip non existing resourceDirectory /Users/harmit/Desktop/new_Template/BMP/carbon-credit-platform/server/src/test/resources
[INFO] 
[INFO] --- compiler:3.11.0:testCompile (default-testCompile) @ carbon-credit-platform ---
[INFO] Nothing to compile - all classes are up to date
[INFO] 
[INFO] <<< spring-boot:3.2.0:run (default-cli) < test-compile @ carbon-credit-platform <<<
[INFO] 
[INFO] 
[INFO] --- spring-boot:3.2.0:run (default-cli) @ carbon-credit-platform ---
[INFO] Attaching agents: []

  .   ____          _            __ _ _
 /\\ / ___'_ __ _ _(_)_ __  __ _ \ \ \ \
( ( )\___ | '_ | '_| | '_ \/ _` | \ \ \ \
 \\/  ___)| |_)| | | | | || (_| |  ) ) ) )
  '  |____| .__|_| |_|_| |_\__, | / / / /
 =========|_|==============|___/=/_/_/_/
 :: Spring Boot ::                (v3.2.0)

2025-11-21T23:35:20.458+05:30  INFO 53495 --- [carbon-credit-platform] [           main] c.c.CarbonCreditPlatformApplication      : Starting CarbonCreditPlatformApplication using Java 21.0.6 with PID 53495 (/Users/harmit/Desktop/new_Template/BMP/carbon-credit-platform/server/target/classes started by harmit in /Users/harmit/Desktop/new_Template/BMP/carbon-credit-platform/server)
2025-11-21T23:35:20.458+05:30 DEBUG 53495 --- [carbon-credit-platform] [           main] c.c.CarbonCreditPlatformApplication      : Running with Spring Boot v3.2.0, Spring v6.1.1
2025-11-21T23:35:20.459+05:30  INFO 53495 --- [carbon-credit-platform] [           main] c.c.CarbonCreditPlatformApplication      : No active profile set, falling back to 1 default profile: "default"
2025-11-21T23:35:20.709+05:30  INFO 53495 --- [carbon-credit-platform] [           main] .s.d.r.c.RepositoryConfigurationDelegate : Bootstrapping Spring Data MongoDB repositories in DEFAULT mode.
2025-11-21T23:35:20.743+05:30  INFO 53495 --- [carbon-credit-platform] [           main] .s.d.r.c.RepositoryConfigurationDelegate : Finished Spring Data repository scanning in 32 ms. Found 9 MongoDB repository interfaces.
2025-11-21T23:35:20.948+05:30  INFO 53495 --- [carbon-credit-platform] [           main] o.s.b.w.embedded.tomcat.TomcatWebServer  : Tomcat initialized with port 8080 (http)
2025-11-21T23:35:20.953+05:30  INFO 53495 --- [carbon-credit-platform] [           main] o.apache.catalina.core.StandardService   : Starting service [Tomcat]
2025-11-21T23:35:20.953+05:30  INFO 53495 --- [carbon-credit-platform] [           main] o.apache.catalina.core.StandardEngine    : Starting Servlet engine: [Apache Tomcat/10.1.16]
2025-11-21T23:35:20.974+05:30  INFO 53495 --- [carbon-credit-platform] [           main] o.a.c.c.C.[Tomcat].[localhost].[/]       : Initializing Spring embedded WebApplicationContext
2025-11-21T23:35:20.974+05:30  INFO 53495 --- [carbon-credit-platform] [           main] w.s.c.ServletWebServerApplicationContext : Root WebApplicationContext: initialization completed in 499 ms
2025-11-21T23:35:21.130+05:30  INFO 53495 --- [carbon-credit-platform] [           main] org.mongodb.driver.client                : MongoClient with metadata {"driver": {"name": "mongo-java-driver|sync|spring-boot", "version": "4.11.1"}, "os": {"type": "Darwin", "name": "Mac OS X", "architecture": "aarch64", "version": "26.0.1"}, "platform": "Java/Oracle Corporation/21.0.6+8-LTS-188"} created with settings MongoClientSettings{readPreference=primary, writeConcern=WriteConcern{w=majority, wTimeout=null ms, journal=null}, retryWrites=true, retryReads=true, readConcern=ReadConcern{level=null}, credential=MongoCredential{mechanism=null, userName='harmit485', source='admin', password=<hidden>, mechanismProperties=<hidden>}, transportSettings=null, streamFactoryFactory=null, commandListeners=[], codecRegistry=ProvidersCodecRegistry{codecProviders=[ValueCodecProvider{}, BsonValueCodecProvider{}, DBRefCodecProvider{}, DBObjectCodecProvider{}, DocumentCodecProvider{}, CollectionCodecProvider{}, IterableCodecProvider{}, MapCodecProvider{}, GeoJsonCodecProvider{}, GridFSFileCodecProvider{}, Jsr310CodecProvider{}, JsonObjectCodecProvider{}, BsonCodecProvider{}, EnumCodecProvider{}, com.mongodb.client.model.mql.ExpressionCodecProvider@68e02f33, com.mongodb.Jep395RecordCodecProvider@64942607, com.mongodb.KotlinCodecProvider@d48e998]}, loggerSettings=LoggerSettings{maxDocumentLength=1000}, clusterSettings={hosts=[127.0.0.1:27017], srvHost=cluster0.quhjx.mongodb.net, srvServiceName=mongodb, mode=MULTIPLE, requiredClusterType=REPLICA_SET, requiredReplicaSetName='atlas-srhv2d-shard-0', serverSelector='null', clusterListeners='[]', serverSelectionTimeout='30000 ms', localThreshold='15 ms'}, socketSettings=SocketSettings{connectTimeoutMS=10000, readTimeoutMS=0, receiveBufferSize=0, proxySettings=ProxySettings{host=null, port=null, username=null, password=null}}, heartbeatSocketSettings=SocketSettings{connectTimeoutMS=10000, readTimeoutMS=10000, receiveBufferSize=0, proxySettings=ProxySettings{host=null, port=null, username=null, password=null}}, connectionPoolSettings=ConnectionPoolSettings{maxSize=100, minSize=0, maxWaitTimeMS=120000, maxConnectionLifeTimeMS=0, maxConnectionIdleTimeMS=0, maintenanceInitialDelayMS=0, maintenanceFrequencyMS=60000, connectionPoolListeners=[], maxConnecting=2}, serverSettings=ServerSettings{heartbeatFrequencyMS=10000, minHeartbeatFrequencyMS=500, serverListeners='[]', serverMonitorListeners='[]'}, sslSettings=SslSettings{enabled=true, invalidHostNameAllowed=false, context=null}, applicationName='null', compressorList=[], uuidRepresentation=JAVA_LEGACY, serverApi=null, autoEncryptionSettings=null, dnsClient=null, inetAddressResolver=null, contextProvider=null}
2025-11-21T23:35:21.199+05:30  INFO 53495 --- [carbon-credit-platform] [hjx.mongodb.net] org.mongodb.driver.cluster               : Adding discovered server cluster0-shard-00-02.quhjx.mongodb.net:27017 to client view of cluster
2025-11-21T23:35:21.208+05:30  INFO 53495 --- [carbon-credit-platform] [hjx.mongodb.net] org.mongodb.driver.cluster               : Adding discovered server cluster0-shard-00-00.quhjx.mongodb.net:27017 to client view of cluster
2025-11-21T23:35:21.209+05:30  INFO 53495 --- [carbon-credit-platform] [hjx.mongodb.net] org.mongodb.driver.cluster               : Adding discovered server cluster0-shard-00-01.quhjx.mongodb.net:27017 to client view of cluster
2025-11-21T23:35:21.288+05:30  INFO 53495 --- [carbon-credit-platform] [           main] org.mongodb.driver.cluster               : No server chosen by WritableServerSelector from cluster description ClusterDescription{type=REPLICA_SET, connectionMode=MULTIPLE, serverDescriptions=[ServerDescription{address=cluster0-shard-00-02.quhjx.mongodb.net:27017, type=UNKNOWN, state=CONNECTING}, ServerDescription{address=cluster0-shard-00-00.quhjx.mongodb.net:27017, type=UNKNOWN, state=CONNECTING}, ServerDescription{address=cluster0-shard-00-01.quhjx.mongodb.net:27017, type=UNKNOWN, state=CONNECTING}]}. Waiting for 30000 ms before timing out
2025-11-21T23:35:22.231+05:30  INFO 53495 --- [carbon-credit-platform] [ngodb.net:27017] org.mongodb.driver.cluster               : Monitor thread successfully connected to server with description ServerDescription{address=cluster0-shard-00-00.quhjx.mongodb.net:27017, type=REPLICA_SET_SECONDARY, state=CONNECTED, ok=true, minWireVersion=0, maxWireVersion=25, maxDocumentSize=16777216, logicalSessionTimeoutMinutes=30, roundTripTimeNanos=683153334, setName='atlas-srhv2d-shard-0', canonicalAddress=cluster0-shard-00-00.quhjx.mongodb.net:27017, hosts=[cluster0-shard-00-00.quhjx.mongodb.net:27017, cluster0-shard-00-01.quhjx.mongodb.net:27017, cluster0-shard-00-02.quhjx.mongodb.net:27017], passives=[], arbiters=[], primary='cluster0-shard-00-02.quhjx.mongodb.net:27017', tagSet=TagSet{[Tag{name='availabilityZone', value='aps1-az1'}, Tag{name='diskState', value='READY'}, Tag{name='nodeType', value='ELECTABLE'}, Tag{name='provider', value='AWS'}, Tag{name='region', value='AP_SOUTH_1'}, Tag{name='workloadType', value='OPERATIONAL'}]}, electionId=null, setVersion=377, topologyVersion=TopologyVersion{processId=692090e1c17b96aabaa22a92, counter=4}, lastWriteDate=Fri Nov 21 23:35:26 IST 2025, lastUpdateTimeNanos=297337762117416}
2025-11-21T23:35:22.232+05:30  INFO 53495 --- [carbon-credit-platform] [ngodb.net:27017] org.mongodb.driver.cluster               : Monitor thread successfully connected to server with description ServerDescription{address=cluster0-shard-00-01.quhjx.mongodb.net:27017, type=REPLICA_SET_SECONDARY, state=CONNECTED, ok=true, minWireVersion=0, maxWireVersion=25, maxDocumentSize=16777216, logicalSessionTimeoutMinutes=30, roundTripTimeNanos=690179458, setName='atlas-srhv2d-shard-0', canonicalAddress=cluster0-shard-00-01.quhjx.mongodb.net:27017, hosts=[cluster0-shard-00-00.quhjx.mongodb.net:27017, cluster0-shard-00-01.quhjx.mongodb.net:27017, cluster0-shard-00-02.quhjx.mongodb.net:27017], passives=[], arbiters=[], primary='cluster0-shard-00-02.quhjx.mongodb.net:27017', tagSet=TagSet{[Tag{name='availabilityZone', value='aps1-az3'}, Tag{name='diskState', value='READY'}, Tag{name='nodeType', value='ELECTABLE'}, Tag{name='provider', value='AWS'}, Tag{name='region', value='AP_SOUTH_1'}, Tag{name='workloadType', value='OPERATIONAL'}]}, electionId=null, setVersion=377, topologyVersion=TopologyVersion{processId=69209695cb95dcf3bf98af84, counter=3}, lastWriteDate=Fri Nov 21 23:35:26 IST 2025, lastUpdateTimeNanos=297337762184375}
2025-11-21T23:35:22.232+05:30  INFO 53495 --- [carbon-credit-platform] [ngodb.net:27017] org.mongodb.driver.cluster               : Monitor thread successfully connected to server with description ServerDescription{address=cluster0-shard-00-02.quhjx.mongodb.net:27017, type=REPLICA_SET_PRIMARY, state=CONNECTED, ok=true, minWireVersion=0, maxWireVersion=25, maxDocumentSize=16777216, logicalSessionTimeoutMinutes=30, roundTripTimeNanos=679181083, setName='atlas-srhv2d-shard-0', canonicalAddress=cluster0-shard-00-02.quhjx.mongodb.net:27017, hosts=[cluster0-shard-00-00.quhjx.mongodb.net:27017, cluster0-shard-00-01.quhjx.mongodb.net:27017, cluster0-shard-00-02.quhjx.mongodb.net:27017], passives=[], arbiters=[], primary='cluster0-shard-00-02.quhjx.mongodb.net:27017', tagSet=TagSet{[Tag{name='availabilityZone', value='aps1-az2'}, Tag{name='diskState', value='READY'}, Tag{name='nodeType', value='ELECTABLE'}, Tag{name='provider', value='AWS'}, Tag{name='region', value='AP_SOUTH_1'}, Tag{name='workloadType', value='OPERATIONAL'}]}, electionId=7fffffff0000000000000152, setVersion=377, topologyVersion=TopologyVersion{processId=6920939d679b443cc30d38b2, counter=6}, lastWriteDate=Fri Nov 21 23:35:26 IST 2025, lastUpdateTimeNanos=297337762121875}
2025-11-21T23:35:22.233+05:30  INFO 53495 --- [carbon-credit-platform] [ngodb.net:27017] org.mongodb.driver.cluster               : Discovered replica set primary cluster0-shard-00-02.quhjx.mongodb.net:27017 with max election id 7fffffff0000000000000152 and max set version 377
2025-11-21T23:35:22.660+05:30 DEBUG 53495 --- [carbon-credit-platform] [           main] c.carboncredit.security.AuthTokenFilter  : Filter 'authenticationJwtTokenFilter' configured for use
2025-11-21T23:35:22.967+05:30  INFO 53495 --- [carbon-credit-platform] [           main] o.s.s.web.DefaultSecurityFilterChain     : Will secure any request with [org.springframework.security.web.session.DisableEncodeUrlFilter@1c2d63f0, org.springframework.security.web.context.request.async.WebAsyncManagerIntegrationFilter@3a588b5f, org.springframework.security.web.context.SecurityContextHolderFilter@25d911a, org.springframework.security.web.header.HeaderWriterFilter@4d4df0f4, org.springframework.web.filter.CorsFilter@20b54cfe, org.springframework.security.web.authentication.logout.LogoutFilter@53e93fb7, com.carboncredit.security.AuthTokenFilter@3887c7d7, org.springframework.security.web.savedrequest.RequestCacheAwareFilter@489f62a3, org.springframework.security.web.servletapi.SecurityContextHolderAwareRequestFilter@6e068ac9, org.springframework.security.web.authentication.AnonymousAuthenticationFilter@2bdb5e0f, org.springframework.security.web.session.SessionManagementFilter@3ea48c37, org.springframework.security.web.access.ExceptionTranslationFilter@4cecc15a, org.springframework.security.web.access.intercept.AuthorizationFilter@1f172892]
2025-11-21T23:35:23.052+05:30  INFO 53495 --- [carbon-credit-platform] [           main] o.s.b.w.embedded.tomcat.TomcatWebServer  : Tomcat started on port 8080 (http) with context path ''
2025-11-21T23:35:23.055+05:30  INFO 53495 --- [carbon-credit-platform] [           main] c.c.CarbonCreditPlatformApplication      : Started CarbonCreditPlatformApplication in 2.733 seconds (process running for 2.861)
2025-11-21T23:35:23.059+05:30 DEBUG 53495 --- [carbon-credit-platform] [           main] o.s.data.mongodb.core.MongoTemplate      : Executing count: {} in collection: users
2025-11-21T23:35:58.361+05:30  INFO 53495 --- [carbon-credit-platform] [nio-8080-exec-1] o.a.c.c.C.[Tomcat].[localhost].[/]       : Initializing Spring DispatcherServlet 'dispatcherServlet'
2025-11-21T23:35:58.362+05:30  INFO 53495 --- [carbon-credit-platform] [nio-8080-exec-1] o.s.web.servlet.DispatcherServlet        : Initializing Servlet 'dispatcherServlet'
2025-11-21T23:35:58.365+05:30  INFO 53495 --- [carbon-credit-platform] [nio-8080-exec-1] o.s.web.servlet.DispatcherServlet        : Completed initialization in 3 ms
2025-11-21T23:35:58.386+05:30  WARN 53495 --- [carbon-credit-platform] [nio-8080-exec-2] o.s.w.s.h.HandlerMappingIntrospector     : Cache miss for REQUEST dispatch to '/api/auth/signin' (previous null). Performing MatchableHandlerMapping lookup. This is logged once only at WARN level, and every time at TRACE.
2025-11-21T23:35:58.469+05:30  INFO 53495 --- [carbon-credit-platform] [nio-8080-exec-2] c.c.controller.AuthController            : Attempting to authenticate user: admin@test.com
2025-11-21T23:35:58.582+05:30 DEBUG 53495 --- [carbon-credit-platform] [nio-8080-exec-2] o.s.data.mongodb.core.MongoTemplate      : find using query: { "email" : "admin@test.com"} fields: Document{{}} for class: class com.carboncredit.model.User in collection: users
2025-11-21T23:35:58.826+05:30 ERROR 53495 --- [carbon-credit-platform] [nio-8080-exec-2] c.c.controller.AuthController            : Authentication failed for user: admin@test.com

org.springframework.security.authentication.BadCredentialsException: Bad credentials
	at org.springframework.security.authentication.dao.AbstractUserDetailsAuthenticationProvider.authenticate(AbstractUserDetailsAuthenticationProvider.java:141) ~[spring-security-core-6.2.0.jar:6.2.0]
	at org.springframework.security.authentication.ProviderManager.authenticate(ProviderManager.java:182) ~[spring-security-core-6.2.0.jar:6.2.0]
	at com.carboncredit.controller.AuthController.authenticateUser(AuthController.java:57) ~[classes/:na]
	at java.base/jdk.internal.reflect.DirectMethodHandleAccessor.invoke(DirectMethodHandleAccessor.java:103) ~[na:na]
	at java.base/java.lang.reflect.Method.invoke(Method.java:580) ~[na:na]
	at org.springframework.web.method.support.InvocableHandlerMethod.doInvoke(InvocableHandlerMethod.java:254) ~[spring-web-6.1.1.jar:6.1.1]
	at org.springframework.web.method.support.InvocableHandlerMethod.invokeForRequest(InvocableHandlerMethod.java:182) ~[spring-web-6.1.1.jar:6.1.1]
	at org.springframework.web.servlet.mvc.method.annotation.ServletInvocableHandlerMethod.invokeAndHandle(ServletInvocableHandlerMethod.java:118) ~[spring-webmvc-6.1.1.jar:6.1.1]
	at org.springframework.web.servlet.mvc.method.annotation.RequestMappingHandlerAdapter.invokeHandlerMethod(RequestMappingHandlerAdapter.java:917) ~[spring-webmvc-6.1.1.jar:6.1.1]
	at org.springframework.web.servlet.mvc.method.annotation.RequestMappingHandlerAdapter.handleInternal(RequestMappingHandlerAdapter.java:829) ~[spring-webmvc-6.1.1.jar:6.1.1]
	at org.springframework.web.servlet.mvc.method.AbstractHandlerMethodAdapter.handle(AbstractHandlerMethodAdapter.java:87) ~[spring-webmvc-6.1.1.jar:6.1.1]
	at org.springframework.web.servlet.DispatcherServlet.doDispatch(DispatcherServlet.java:1089) ~[spring-webmvc-6.1.1.jar:6.1.1]
	at org.springframework.web.servlet.DispatcherServlet.doService(DispatcherServlet.java:979) ~[spring-webmvc-6.1.1.jar:6.1.1]
	at org.springframework.web.servlet.FrameworkServlet.processRequest(FrameworkServlet.java:1014) ~[spring-webmvc-6.1.1.jar:6.1.1]
	at org.springframework.web.servlet.FrameworkServlet.doPost(FrameworkServlet.java:914) ~[spring-webmvc-6.1.1.jar:6.1.1]
	at jakarta.servlet.http.HttpServlet.service(HttpServlet.java:590) ~[tomcat-embed-core-10.1.16.jar:6.0]
	at org.springframework.web.servlet.FrameworkServlet.service(FrameworkServlet.java:885) ~[spring-webmvc-6.1.1.jar:6.1.1]
	at jakarta.servlet.http.HttpServlet.service(HttpServlet.java:658) ~[tomcat-embed-core-10.1.16.jar:6.0]
	at org.apache.catalina.core.ApplicationFilterChain.internalDoFilter(ApplicationFilterChain.java:205) ~[tomcat-embed-core-10.1.16.jar:10.1.16]
	at org.apache.catalina.core.ApplicationFilterChain.doFilter(ApplicationFilterChain.java:149) ~[tomcat-embed-core-10.1.16.jar:10.1.16]
	at org.apache.tomcat.websocket.server.WsFilter.doFilter(WsFilter.java:51) ~[tomcat-embed-websocket-10.1.16.jar:10.1.16]
	at org.apache.catalina.core.ApplicationFilterChain.internalDoFilter(ApplicationFilterChain.java:174) ~[tomcat-embed-core-10.1.16.jar:10.1.16]
	at org.apache.catalina.core.ApplicationFilterChain.doFilter(ApplicationFilterChain.java:149) ~[tomcat-embed-core-10.1.16.jar:10.1.16]
	at org.springframework.web.filter.OncePerRequestFilter.doFilter(OncePerRequestFilter.java:110) ~[spring-web-6.1.1.jar:6.1.1]
	at org.apache.catalina.core.ApplicationFilterChain.internalDoFilter(ApplicationFilterChain.java:174) ~[tomcat-embed-core-10.1.16.jar:10.1.16]
	at org.apache.catalina.core.ApplicationFilterChain.doFilter(ApplicationFilterChain.java:149) ~[tomcat-embed-core-10.1.16.jar:10.1.16]
	at org.springframework.security.web.FilterChainProxy.lambda$doFilterInternal$3(FilterChainProxy.java:231) ~[spring-security-web-6.2.0.jar:6.2.0]
	at org.springframework.security.web.FilterChainProxy$VirtualFilterChain.doFilter(FilterChainProxy.java:365) ~[spring-security-web-6.2.0.jar:6.2.0]
	at org.springframework.security.web.access.intercept.AuthorizationFilter.doFilter(AuthorizationFilter.java:100) ~[spring-security-web-6.2.0.jar:6.2.0]
	at org.springframework.security.web.FilterChainProxy$VirtualFilterChain.doFilter(FilterChainProxy.java:374) ~[spring-security-web-6.2.0.jar:6.2.0]
	at org.springframework.security.web.access.ExceptionTranslationFilter.doFilter(ExceptionTranslationFilter.java:126) ~[spring-security-web-6.2.0.jar:6.2.0]
	at org.springframework.security.web.access.ExceptionTranslationFilter.doFilter(ExceptionTranslationFilter.java:120) ~[spring-security-web-6.2.0.jar:6.2.0]
	at org.springframework.security.web.FilterChainProxy$VirtualFilterChain.doFilter(FilterChainProxy.java:374) ~[spring-security-web-6.2.0.jar:6.2.0]
	at org.springframework.security.web.session.SessionManagementFilter.doFilter(SessionManagementFilter.java:131) ~[spring-security-web-6.2.0.jar:6.2.0]
	at org.springframework.security.web.session.SessionManagementFilter.doFilter(SessionManagementFilter.java:85) ~[spring-security-web-6.2.0.jar:6.2.0]
	at org.springframework.security.web.FilterChainProxy$VirtualFilterChain.doFilter(FilterChainProxy.java:374) ~[spring-security-web-6.2.0.jar:6.2.0]
	at org.springframework.security.web.authentication.AnonymousAuthenticationFilter.doFilter(AnonymousAuthenticationFilter.java:100) ~[spring-security-web-6.2.0.jar:6.2.0]
	at org.springframework.security.web.FilterChainProxy$VirtualFilterChain.doFilter(FilterChainProxy.java:374) ~[spring-security-web-6.2.0.jar:6.2.0]
	at org.springframework.security.web.servletapi.SecurityContextHolderAwareRequestFilter.doFilter(SecurityContextHolderAwareRequestFilter.java:179) ~[spring-security-web-6.2.0.jar:6.2.0]
	at org.springframework.security.web.FilterChainProxy$VirtualFilterChain.doFilter(FilterChainProxy.java:374) ~[spring-security-web-6.2.0.jar:6.2.0]
	at org.springframework.security.web.savedrequest.RequestCacheAwareFilter.doFilter(RequestCacheAwareFilter.java:63) ~[spring-security-web-6.2.0.jar:6.2.0]
	at org.springframework.security.web.FilterChainProxy$VirtualFilterChain.doFilter(FilterChainProxy.java:374) ~[spring-security-web-6.2.0.jar:6.2.0]
	at com.carboncredit.security.AuthTokenFilter.doFilterInternal(AuthTokenFilter.java:47) ~[classes/:na]
	at org.springframework.web.filter.OncePerRequestFilter.doFilter(OncePerRequestFilter.java:116) ~[spring-web-6.1.1.jar:6.1.1]
	at org.springframework.security.web.FilterChainProxy$VirtualFilterChain.doFilter(FilterChainProxy.java:374) ~[spring-security-web-6.2.0.jar:6.2.0]
	at org.springframework.security.web.authentication.logout.LogoutFilter.doFilter(LogoutFilter.java:107) ~[spring-security-web-6.2.0.jar:6.2.0]
	at org.springframework.security.web.authentication.logout.LogoutFilter.doFilter(LogoutFilter.java:93) ~[spring-security-web-6.2.0.jar:6.2.0]
	at org.springframework.security.web.FilterChainProxy$VirtualFilterChain.doFilter(FilterChainProxy.java:374) ~[spring-security-web-6.2.0.jar:6.2.0]
	at org.springframework.web.filter.CorsFilter.doFilterInternal(CorsFilter.java:91) ~[spring-web-6.1.1.jar:6.1.1]
	at org.springframework.web.filter.OncePerRequestFilter.doFilter(OncePerRequestFilter.java:116) ~[spring-web-6.1.1.jar:6.1.1]
	at org.springframework.security.web.FilterChainProxy$VirtualFilterChain.doFilter(FilterChainProxy.java:374) ~[spring-security-web-6.2.0.jar:6.2.0]
	at org.springframework.security.web.header.HeaderWriterFilter.doHeadersAfter(HeaderWriterFilter.java:90) ~[spring-security-web-6.2.0.jar:6.2.0]
	at org.springframework.security.web.header.HeaderWriterFilter.doFilterInternal(HeaderWriterFilter.java:75) ~[spring-security-web-6.2.0.jar:6.2.0]
	at org.springframework.web.filter.OncePerRequestFilter.doFilter(OncePerRequestFilter.java:116) ~[spring-web-6.1.1.jar:6.1.1]
	at org.springframework.security.web.FilterChainProxy$VirtualFilterChain.doFilter(FilterChainProxy.java:374) ~[spring-security-web-6.2.0.jar:6.2.0]
	at org.springframework.security.web.context.SecurityContextHolderFilter.doFilter(SecurityContextHolderFilter.java:82) ~[spring-security-web-6.2.0.jar:6.2.0]
	at org.springframework.security.web.context.SecurityContextHolderFilter.doFilter(SecurityContextHolderFilter.java:69) ~[spring-security-web-6.2.0.jar:6.2.0]
	at org.springframework.security.web.FilterChainProxy$VirtualFilterChain.doFilter(FilterChainProxy.java:374) ~[spring-security-web-6.2.0.jar:6.2.0]
	at org.springframework.security.web.context.request.async.WebAsyncManagerIntegrationFilter.doFilterInternal(WebAsyncManagerIntegrationFilter.java:62) ~[spring-security-web-6.2.0.jar:6.2.0]
	at org.springframework.web.filter.OncePerRequestFilter.doFilter(OncePerRequestFilter.java:116) ~[spring-web-6.1.1.jar:6.1.1]
	at org.springframework.security.web.FilterChainProxy$VirtualFilterChain.doFilter(FilterChainProxy.java:374) ~[spring-security-web-6.2.0.jar:6.2.0]
	at org.springframework.security.web.session.DisableEncodeUrlFilter.doFilterInternal(DisableEncodeUrlFilter.java:42) ~[spring-security-web-6.2.0.jar:6.2.0]
	at org.springframework.web.filter.OncePerRequestFilter.doFilter(OncePerRequestFilter.java:116) ~[spring-web-6.1.1.jar:6.1.1]
	at org.springframework.security.web.FilterChainProxy$VirtualFilterChain.doFilter(FilterChainProxy.java:374) ~[spring-security-web-6.2.0.jar:6.2.0]
	at org.springframework.security.web.FilterChainProxy.doFilterInternal(FilterChainProxy.java:233) ~[spring-security-web-6.2.0.jar:6.2.0]
	at org.springframework.security.web.FilterChainProxy.doFilter(FilterChainProxy.java:191) ~[spring-security-web-6.2.0.jar:6.2.0]
	at org.springframework.web.filter.DelegatingFilterProxy.invokeDelegate(DelegatingFilterProxy.java:352) ~[spring-web-6.1.1.jar:6.1.1]
	at org.springframework.web.filter.DelegatingFilterProxy.doFilter(DelegatingFilterProxy.java:268) ~[spring-web-6.1.1.jar:6.1.1]
	at org.apache.catalina.core.ApplicationFilterChain.internalDoFilter(ApplicationFilterChain.java:174) ~[tomcat-embed-core-10.1.16.jar:10.1.16]
	at org.apache.catalina.core.ApplicationFilterChain.doFilter(ApplicationFilterChain.java:149) ~[tomcat-embed-core-10.1.16.jar:10.1.16]
	at org.springframework.web.filter.RequestContextFilter.doFilterInternal(RequestContextFilter.java:100) ~[spring-web-6.1.1.jar:6.1.1]
	at org.springframework.web.filter.OncePerRequestFilter.doFilter(OncePerRequestFilter.java:116) ~[spring-web-6.1.1.jar:6.1.1]
	at org.apache.catalina.core.ApplicationFilterChain.internalDoFilter(ApplicationFilterChain.java:174) ~[tomcat-embed-core-10.1.16.jar:10.1.16]
	at org.apache.catalina.core.ApplicationFilterChain.doFilter(ApplicationFilterChain.java:149) ~[tomcat-embed-core-10.1.16.jar:10.1.16]
	at org.springframework.web.filter.FormContentFilter.doFilterInternal(FormContentFilter.java:93) ~[spring-web-6.1.1.jar:6.1.1]
	at org.springframework.web.filter.OncePerRequestFilter.doFilter(OncePerRequestFilter.java:116) ~[spring-web-6.1.1.jar:6.1.1]
	at org.apache.catalina.core.ApplicationFilterChain.internalDoFilter(ApplicationFilterChain.java:174) ~[tomcat-embed-core-10.1.16.jar:10.1.16]
	at org.apache.catalina.core.ApplicationFilterChain.doFilter(ApplicationFilterChain.java:149) ~[tomcat-embed-core-10.1.16.jar:10.1.16]
	at org.springframework.web.filter.CharacterEncodingFilter.doFilterInternal(CharacterEncodingFilter.java:201) ~[spring-web-6.1.1.jar:6.1.1]
	at org.springframework.web.filter.OncePerRequestFilter.doFilter(OncePerRequestFilter.java:116) ~[spring-web-6.1.1.jar:6.1.1]
	at org.apache.catalina.core.ApplicationFilterChain.internalDoFilter(ApplicationFilterChain.java:174) ~[tomcat-embed-core-10.1.16.jar:10.1.16]
	at org.apache.catalina.core.ApplicationFilterChain.doFilter(ApplicationFilterChain.java:149) ~[tomcat-embed-core-10.1.16.jar:10.1.16]
	at org.apache.catalina.core.StandardWrapperValve.invoke(StandardWrapperValve.java:167) ~[tomcat-embed-core-10.1.16.jar:10.1.16]
	at org.apache.catalina.core.StandardContextValve.invoke(StandardContextValve.java:90) ~[tomcat-embed-core-10.1.16.jar:10.1.16]
	at org.apache.catalina.authenticator.AuthenticatorBase.invoke(AuthenticatorBase.java:482) ~[tomcat-embed-core-10.1.16.jar:10.1.16]
	at org.apache.catalina.core.StandardHostValve.invoke(StandardHostValve.java:115) ~[tomcat-embed-core-10.1.16.jar:10.1.16]
	at org.apache.catalina.valves.ErrorReportValve.invoke(ErrorReportValve.java:93) ~[tomcat-embed-core-10.1.16.jar:10.1.16]
	at org.apache.catalina.core.StandardEngineValve.invoke(StandardEngineValve.java:74) ~[tomcat-embed-core-10.1.16.jar:10.1.16]
	at org.apache.catalina.connector.CoyoteAdapter.service(CoyoteAdapter.java:340) ~[tomcat-embed-core-10.1.16.jar:10.1.16]
	at org.apache.coyote.http11.Http11Processor.service(Http11Processor.java:391) ~[tomcat-embed-core-10.1.16.jar:10.1.16]
	at org.apache.coyote.AbstractProcessorLight.process(AbstractProcessorLight.java:63) ~[tomcat-embed-core-10.1.16.jar:10.1.16]
	at org.apache.coyote.AbstractProtocol$ConnectionHandler.process(AbstractProtocol.java:896) ~[tomcat-embed-core-10.1.16.jar:10.1.16]
	at org.apache.tomcat.util.net.NioEndpoint$SocketProcessor.doRun(NioEndpoint.java:1744) ~[tomcat-embed-core-10.1.16.jar:10.1.16]
	at org.apache.tomcat.util.net.SocketProcessorBase.run(SocketProcessorBase.java:52) ~[tomcat-embed-core-10.1.16.jar:10.1.16]
	at org.apache.tomcat.util.threads.ThreadPoolExecutor.runWorker(ThreadPoolExecutor.java:1191) ~[tomcat-embed-core-10.1.16.jar:10.1.16]
	at org.apache.tomcat.util.threads.ThreadPoolExecutor$Worker.run(ThreadPoolExecutor.java:659) ~[tomcat-embed-core-10.1.16.jar:10.1.16]
	at org.apache.tomcat.util.threads.TaskThread$WrappingRunnable.run(TaskThread.java:61) ~[tomcat-embed-core-10.1.16.jar:10.1.16]
	at java.base/java.lang.Thread.run(Thread.java:1583) ~[na:na]

2025-11-21T23:37:24.736+05:30 DEBUG 53495 --- [carbon-credit-platform] [nio-8080-exec-3] o.s.data.mongodb.core.MongoTemplate      : Executing count: { "email" : "admin2@test.com"} in collection: users
2025-11-21T23:37:24.945+05:30 DEBUG 53495 --- [carbon-credit-platform] [nio-8080-exec-3] o.s.data.mongodb.core.MongoTemplate      : Inserting Document containing fields: [name, email, password, roles, organization, country, verified, _class] in collection: users
2025-11-21T23:37:25.370+05:30 DEBUG 53495 --- [carbon-credit-platform] [nio-8080-exec-3] o.s.data.mongodb.core.MongoTemplate      : Inserting Document containing fields: [userId, balance, carbonCreditBalance, transactions, _class] in collection: wallets
2025-11-21T23:37:34.090+05:30 DEBUG 53495 --- [carbon-credit-platform] [nio-8080-exec-5] o.s.data.mongodb.core.MongoTemplate      : Executing count: { "email" : "buyer2@test.com"} in collection: users
2025-11-21T23:37:34.357+05:30 DEBUG 53495 --- [carbon-credit-platform] [nio-8080-exec-5] o.s.data.mongodb.core.MongoTemplate      : Inserting Document containing fields: [name, email, password, roles, organization, country, verified, _class] in collection: users
2025-11-21T23:37:34.415+05:30 DEBUG 53495 --- [carbon-credit-platform] [nio-8080-exec-5] o.s.data.mongodb.core.MongoTemplate      : Inserting Document containing fields: [userId, balance, carbonCreditBalance, transactions, _class] in collection: wallets
